<?xml version="1.0" encoding="UTF-8"?>
<!-- Generated by org.testng.reporters.JUnitXMLReporter -->
<testsuite ignored="15" hostname="DucAnh" failures="1" tests="2" name="Regression" time="31.856" errors="0" timestamp="2020-04-29T14:37:44 ICT">
  <testcase classname="apitest.SeleniumAPI" name="bai7" time="10.212">
    <failure type="java.lang.NullPointerException">
      <![CDATA[java.lang.NullPointerException
at apitest.SeleniumAPI.bai7(SeleniumAPI.java:148)
at java.base/java.util.ArrayList.forEach(ArrayList.java:1507)
... Removed 31 stack frames]]>
    </failure>
  </testcase> <!-- bai7 -->
  <testcase classname="testFlow.TestFlow" name="bai5" time="10.498"/>
  <testcase classname="apitest.SeleniumAPI" name="bai8PrintNewYork" time="0.0">
    <ignored/>
  </testcase> <!-- bai8PrintNewYork -->
  <testcase classname="apitest.SeleniumAPI" name="bai8PrintTokyo" time="0.0">
    <ignored/>
  </testcase> <!-- bai8PrintTokyo -->
  <testcase classname="testFlow.TestFlow" name="bai2" time="0.0">
    <ignored/>
  </testcase> <!-- bai2 -->
  <testcase classname="apitest.SeleniumAPI" name="bai1" time="0.0">
    <ignored/>
  </testcase> <!-- bai1 -->
  <testcase classname="testFlow.TestFlow" name="bai4" time="0.0">
    <ignored/>
  </testcase> <!-- bai4 -->
  <testcase classname="apitest.SeleniumAPI" name="bai4" time="0.0">
    <ignored/>
  </testcase> <!-- bai4 -->
  <testcase classname="testFlow.TestFlow" name="bai1" time="0.0">
    <ignored/>
  </testcase> <!-- bai1 -->
  <testcase classname="apitest.SeleniumAPI" name="bai5" time="0.0">
    <ignored/>
  </testcase> <!-- bai5 -->
  <testcase classname="apitest.SeleniumAPI" name="bai2" time="0.0">
    <ignored/>
  </testcase> <!-- bai2 -->
  <testcase classname="testFlow.TestFlow" name="bai3" time="0.0">
    <ignored/>
  </testcase> <!-- bai3 -->
  <testcase classname="apitest.SeleniumAPI" name="bai3" time="0.0">
    <ignored/>
  </testcase> <!-- bai3 -->
  <testcase classname="apitest.SeleniumAPI" name="bai9" time="0.0">
    <ignored/>
  </testcase> <!-- bai9 -->
  <testcase classname="apitest.SeleniumAPI" name="bai6" time="0.0">
    <ignored/>
  </testcase> <!-- bai6 -->
  <testcase classname="apitest.SeleniumAPI" name="bai10" time="0.0">
    <ignored/>
  </testcase> <!-- bai10 -->
  <testcase classname="apitest.SeleniumAPI" name="bai11" time="0.0">
    <ignored/>
  </testcase> <!-- bai11 -->
</testsuite> <!-- Regression -->
