<?xml version="1.0" encoding="UTF-8"?>
<testng-results ignored="15" total="17" passed="1" failed="1" skipped="0">
  <reporter-output>
  </reporter-output>
  <suite started-at="2020-04-29T14:37:12 ICT" name="Suite1" finished-at="2020-04-29T14:37:44 ICT" duration-ms="31856">
    <groups>
    </groups>
    <test started-at="2020-04-29T14:37:12 ICT" name="Regression" finished-at="2020-04-29T14:37:44 ICT" duration-ms="31856">
      <class name="testFlow.TestFlow">
        <test-method is-config="true" signature="beforeMethod()[pri:0, instance:testFlow.TestFlow@55ca8de8]" started-at="2020-04-29T14:37:28 ICT" name="beforeMethod" finished-at="2020-04-29T14:37:33 ICT" duration-ms="5144" status="PASS">
          <reporter-output>
          </reporter-output>
        </test-method> <!-- beforeMethod -->
        <test-method signature="bai5()[pri:0, instance:testFlow.TestFlow@55ca8de8]" started-at="2020-04-29T14:37:33 ICT" name="bai5" finished-at="2020-04-29T14:37:44 ICT" duration-ms="10498" status="PASS">
          <reporter-output>
          </reporter-output>
        </test-method> <!-- bai5 -->
        <test-method is-config="true" signature="afterMethod()[pri:0, instance:testFlow.TestFlow@55ca8de8]" started-at="2020-04-29T14:37:44 ICT" name="afterMethod" finished-at="2020-04-29T14:37:44 ICT" duration-ms="40" status="PASS">
          <reporter-output>
          </reporter-output>
        </test-method> <!-- afterMethod -->
      </class> <!-- testFlow.TestFlow -->
      <class name="apitest.SeleniumAPI">
        <test-method is-config="true" signature="beforeMethod()[pri:0, instance:apitest.SeleniumAPI@2893de87]" started-at="2020-04-29T14:37:12 ICT" name="beforeMethod" finished-at="2020-04-29T14:37:18 ICT" duration-ms="5923" status="PASS">
          <reporter-output>
          </reporter-output>
        </test-method> <!-- beforeMethod -->
        <test-method signature="bai7()[pri:0, instance:apitest.SeleniumAPI@2893de87]" started-at="2020-04-29T14:37:18 ICT" name="bai7" finished-at="2020-04-29T14:37:28 ICT" duration-ms="10212" status="FAIL">
          <exception class="java.lang.NullPointerException">
            <full-stacktrace>
              <![CDATA[java.lang.NullPointerException
at apitest.SeleniumAPI.bai7(SeleniumAPI.java:148)
at java.base/jdk.internal.reflect.NativeMethodAccessorImpl.invoke0(Native Method)
at java.base/jdk.internal.reflect.NativeMethodAccessorImpl.invoke(NativeMethodAccessorImpl.java:62)
at java.base/jdk.internal.reflect.DelegatingMethodAccessorImpl.invoke(DelegatingMethodAccessorImpl.java:43)
at java.base/java.lang.reflect.Method.invoke(Method.java:567)
at org.testng.internal.MethodInvocationHelper.invokeMethod(MethodInvocationHelper.java:134)
at org.testng.internal.TestInvoker.invokeMethod(TestInvoker.java:597)
at org.testng.internal.TestInvoker.invokeTestMethod(TestInvoker.java:173)
at org.testng.internal.MethodRunner.runInSequence(MethodRunner.java:46)
at org.testng.internal.TestInvoker$MethodInvocationAgent.invoke(TestInvoker.java:816)
at org.testng.internal.TestInvoker.invokeTestMethods(TestInvoker.java:146)
at org.testng.internal.TestMethodWorker.invokeTestMethods(TestMethodWorker.java:146)
at org.testng.internal.TestMethodWorker.run(TestMethodWorker.java:128)
at java.base/java.util.ArrayList.forEach(ArrayList.java:1507)
at org.testng.TestRunner.privateRun(TestRunner.java:766)
at org.testng.TestRunner.run(TestRunner.java:587)
at org.testng.SuiteRunner.runTest(SuiteRunner.java:384)
at org.testng.SuiteRunner.runSequentially(SuiteRunner.java:378)
at org.testng.SuiteRunner.privateRun(SuiteRunner.java:337)
at org.testng.SuiteRunner.run(SuiteRunner.java:286)
at org.testng.SuiteRunnerWorker.runSuite(SuiteRunnerWorker.java:53)
at org.testng.SuiteRunnerWorker.run(SuiteRunnerWorker.java:96)
at org.testng.TestNG.runSuitesSequentially(TestNG.java:1187)
at org.testng.TestNG.runSuitesLocally(TestNG.java:1109)
at org.testng.TestNG.runSuites(TestNG.java:1039)
at org.testng.TestNG.run(TestNG.java:1007)
at org.apache.maven.surefire.testng.TestNGExecutor.run(TestNGExecutor.java:283)
at org.apache.maven.surefire.testng.TestNGXmlTestSuite.execute(TestNGXmlTestSuite.java:75)
at org.apache.maven.surefire.testng.TestNGProvider.invoke(TestNGProvider.java:120)
at org.apache.maven.surefire.booter.ForkedBooter.runSuitesInProcess(ForkedBooter.java:377)
at org.apache.maven.surefire.booter.ForkedBooter.execute(ForkedBooter.java:138)
at org.apache.maven.surefire.booter.ForkedBooter.run(ForkedBooter.java:465)
at org.apache.maven.surefire.booter.ForkedBooter.main(ForkedBooter.java:451)
]]>
            </full-stacktrace>
          </exception> <!-- java.lang.NullPointerException -->
          <reporter-output>
          </reporter-output>
        </test-method> <!-- bai7 -->
        <test-method is-config="true" signature="afterMethod()[pri:0, instance:apitest.SeleniumAPI@2893de87]" started-at="2020-04-29T14:37:28 ICT" name="afterMethod" finished-at="2020-04-29T14:37:28 ICT" duration-ms="1" status="PASS">
          <reporter-output>
          </reporter-output>
        </test-method> <!-- afterMethod -->
      </class> <!-- apitest.SeleniumAPI -->
    </test> <!-- Regression -->
  </suite> <!-- Suite1 -->
</testng-results>
