<?xml version="1.0" encoding="UTF-8"?>
<testsuite xmlns:xsi="http://www.w3.org/2001/XMLSchema-instance" xsi:noNamespaceSchemaLocation="https://maven.apache.org/surefire/maven-surefire-plugin/xsd/surefire-test-report-3.0.xsd" version="3.0" name="TestSuite" time="32.437" tests="2" errors="0" skipped="0" failures="1">
  <properties>
[...]
</properties>
  <testcase name="bai7" classname="apitest.SeleniumAPI" time="10.218">
    <failure type="java.lang.NullPointerException"><![CDATA[java.lang.NullPointerException
	at apitest.SeleniumAPI.bai7(SeleniumAPI.java:148)
]]></failure>
    <system-out><![CDATA[Element not available
Element not available
Element not available
Element not available
Element not available
Element not available
Element not available
Element not available
Element not available
Element not available
]]></system-out>
    <system-err><![CDATA[Starting ChromeDriver 80.0.3987.106 (f68069574609230cf9b635cd784cfb1bf81bb53a-refs/branch-heads/3987@{#882}) on port 25275
Only local connections are allowed.
Please protect ports used by ChromeDriver and related test frameworks to prevent access by malicious code.
[1588145836.468][WARNING]: Timed out connecting to Chrome, retrying...
Apr 29, 2020 2:37:18 PM org.openqa.selenium.remote.ProtocolHandshake createSession
INFO: Detected dialect: W3C
[1588145840.630][SEVERE]: Timed out receiving message from renderer: 0.100
[1588145840.733][SEVERE]: Timed out receiving message from renderer: 0.100
[1588145840.834][SEVERE]: Timed out receiving message from renderer: 0.100
[1588145840.936][SEVERE]: Timed out receiving message from renderer: 0.100
[1588145841.038][SEVERE]: Timed out receiving message from renderer: 0.100
[1588145841.242][SEVERE]: Timed out receiving message from renderer: 0.100
[1588145841.370][SEVERE]: Timed out receiving message from renderer: 0.100
[1588145842.967][SEVERE]: Timed out receiving message from renderer: 0.100
[1588145843.068][SEVERE]: Timed out receiving message from renderer: 0.100
[1588145843.232][SEVERE]: Timed out receiving message from renderer: 0.100
[1588145843.333][SEVERE]: Timed out receiving message from renderer: 0.100
]]></system-err>
  </testcase>
  <testcase name="bai5" classname="testFlow.TestFlow" time="10.502"/>
</testsuite>