<?xml version="1.0" encoding="UTF-8"?>
<testsuite xmlns:xsi="http://www.w3.org/2001/XMLSchema-instance" xsi:noNamespaceSchemaLocation="https://maven.apache.org/surefire/maven-surefire-plugin/xsd/surefire-test-report-3.0.xsd" version="3.0" name="TestSuite" time="237.713" tests="16" errors="0" skipped="0" failures="2">
  <properties>
[...]
</properties>
  <testcase name="bai1" classname="apitest.Bai1" time="8.058"/>
  <testcase name="f" classname="apitest.Bai10" time="1.633">
    <failure message="expected [13] but found [15]" type="java.lang.AssertionError"><![CDATA[java.lang.AssertionError: expected [13] but found [15]
	at apitest.Bai10.f(Bai10.java:43)
]]></failure>
    <system-err><![CDATA[Starting ChromeDriver 80.0.3987.106 (f68069574609230cf9b635cd784cfb1bf81bb53a-refs/branch-heads/3987@{#882}) on port 25812
Only local connections are allowed.
Please protect ports used by ChromeDriver and related test frameworks to prevent access by malicious code.
[1588004060.038][WARNING]: This version of ChromeDriver has not been tested with Chrome version 81.
[1588004062.068][WARNING]: Timed out connecting to Chrome, retrying...
Apr 27, 2020 11:14:24 PM org.openqa.selenium.remote.ProtocolHandshake createSession
INFO: Detected dialect: W3C
[1588004064.438][SEVERE]: Timed out receiving message from renderer: 0.100
[1588004064.719][SEVERE]: Timed out receiving message from renderer: 0.100
[1588004065.122][SEVERE]: Timed out receiving message from renderer: 0.100
[1588004065.233][SEVERE]: Timed out receiving message from renderer: 0.100
[1588004065.334][SEVERE]: Timed out receiving message from renderer: 0.100
]]></system-err>
  </testcase>
  <testcase name="f" classname="apitest.Bai11" time="1.829"/>
  <testcase name="bai2" classname="apitest.Bai2" time="9.674"/>
  <testcase name="f" classname="apitest.Bai3" time="7.842"/>
  <testcase name="f" classname="apitest.Bai4" time="8.56"/>
  <testcase name="f" classname="apitest.Bai5" time="4.482"/>
  <testcase name="f2" classname="apitest.Bai6" time="2.016"/>
  <testcase name="f" classname="apitest.Bai7" time="19.954">
    <failure message="no such element: Unable to locate element: {&quot;method&quot;:&quot;xpath&quot;,&quot;selector&quot;:&quot;//*[@class=&quot;login&quot;]&quot;}&#10;  (Session info: chrome=81.0.4044.122)&#10;For documentation on this error, please visit: https://www.seleniumhq.org/exceptions/no_such_element.html&#10;Build info: version: &apos;3.141.59&apos;, revision: &apos;e82be7d358&apos;, time: &apos;2018-11-14T08:17:03&apos;&#10;System info: host: &apos;DESKTOP-DSGLPDL&apos;, ip: &apos;192.168.1.170&apos;, os.name: &apos;Windows 10&apos;, os.arch: &apos;amd64&apos;, os.version: &apos;10.0&apos;, java.version: &apos;13.0.2&apos;&#10;Driver info: org.openqa.selenium.chrome.ChromeDriver&#10;Capabilities {acceptInsecureCerts: false, browserName: chrome, browserVersion: 81.0.4044.122, chrome: {chromedriverVersion: 80.0.3987.106 (f68069574609..., userDataDir: C:\Users\leduc\AppData\Loca...}, goog:chromeOptions: {debuggerAddress: localhost:55521}, javascriptEnabled: true, networkConnectionEnabled: false, pageLoadStrategy: normal, platform: WINDOWS, platformName: WINDOWS, proxy: Proxy(), setWindowRect: true, strictFileInteractability: false, timeouts: {implicit: 0, pageLoad: 300000, script: 30000}, unhandledPromptBehavior: dismiss and notify}&#10;Session ID: 33a284373f0ccffd24d9ee42a7c1e0f1&#10;*** Element info: {Using=xpath, value=//*[@class=&quot;login&quot;]}" type="org.openqa.selenium.NoSuchElementException"><![CDATA[org.openqa.selenium.NoSuchElementException: 
no such element: Unable to locate element: {"method":"xpath","selector":"//*[@class="login"]"}
  (Session info: chrome=81.0.4044.122)
For documentation on this error, please visit: https://www.seleniumhq.org/exceptions/no_such_element.html
Build info: version: '3.141.59', revision: 'e82be7d358', time: '2018-11-14T08:17:03'
System info: host: 'DESKTOP-DSGLPDL', ip: '192.168.1.170', os.name: 'Windows 10', os.arch: 'amd64', os.version: '10.0', java.version: '13.0.2'
Driver info: org.openqa.selenium.chrome.ChromeDriver
Capabilities {acceptInsecureCerts: false, browserName: chrome, browserVersion: 81.0.4044.122, chrome: {chromedriverVersion: 80.0.3987.106 (f68069574609..., userDataDir: C:\Users\leduc\AppData\Loca...}, goog:chromeOptions: {debuggerAddress: localhost:55521}, javascriptEnabled: true, networkConnectionEnabled: false, pageLoadStrategy: normal, platform: WINDOWS, platformName: WINDOWS, proxy: Proxy(), setWindowRect: true, strictFileInteractability: false, timeouts: {implicit: 0, pageLoad: 300000, script: 30000}, unhandledPromptBehavior: dismiss and notify}
Session ID: 33a284373f0ccffd24d9ee42a7c1e0f1
*** Element info: {Using=xpath, value=//*[@class="login"]}
	at apitest.Bai7.f(Bai7.java:18)
]]></failure>
    <system-err><![CDATA[Starting ChromeDriver 80.0.3987.106 (f68069574609230cf9b635cd784cfb1bf81bb53a-refs/branch-heads/3987@{#882}) on port 34598
Only local connections are allowed.
Please protect ports used by ChromeDriver and related test frameworks to prevent access by malicious code.
[1588004147.912][WARNING]: This version of ChromeDriver has not been tested with Chrome version 81.
[1588004149.954][WARNING]: Timed out connecting to Chrome, retrying...
Apr 27, 2020 11:15:51 PM org.openqa.selenium.remote.ProtocolHandshake createSession
INFO: Detected dialect: W3C
[1588004170.591][SEVERE]: Timed out receiving message from renderer: 0.100
[1588004170.699][SEVERE]: Timed out receiving message from renderer: 0.100
[1588004170.802][SEVERE]: Timed out receiving message from renderer: 0.100
[1588004170.904][SEVERE]: Timed out receiving message from renderer: 0.100
[1588004171.005][SEVERE]: Timed out receiving message from renderer: 0.100
[1588004171.107][SEVERE]: Timed out receiving message from renderer: 0.100
[1588004171.208][SEVERE]: Timed out receiving message from renderer: 0.100
[1588004171.309][SEVERE]: Timed out receiving message from renderer: 0.100
[1588004171.410][SEVERE]: Timed out receiving message from renderer: 0.100
[1588004171.511][SEVERE]: Timed out receiving message from renderer: 0.100
[1588004171.616][SEVERE]: Timed out receiving message from renderer: 0.100
[1588004171.749][SEVERE]: Timed out receiving message from renderer: 0.100
[1588004171.853][SEVERE]: Timed out receiving message from renderer: 0.100
]]></system-err>
  </testcase>
  <testcase name="printTokyo" classname="apitest.Bai8" time="1.496"/>
  <testcase name="f" classname="apitest.Bai9" time="2.534"/>
  <testcase name="f" classname="testFlow.Bai1" time="9.369"/>
  <testcase name="f" classname="testFlow.Bai2" time="4.376"/>
  <testcase name="f" classname="testFlow.Bai3" time="11.823"/>
  <testcase name="f" classname="testFlow.Bai4" time="22.563"/>
  <testcase name="f" classname="testFlow.Bai5" time="14.9"/>
</testsuite>