<?xml version="1.0" encoding="UTF-8"?>
<testng-results ignored="0" total="1" passed="1" failed="0" skipped="0">
  <reporter-output>
  </reporter-output>
  <suite started-at="2020-04-25T10:33:23 ICT" name="Default suite" finished-at="2020-04-25T10:33:44 ICT" duration-ms="20810">
    <groups>
    </groups>
    <test started-at="2020-04-25T10:33:23 ICT" name="Default test" finished-at="2020-04-25T10:33:44 ICT" duration-ms="20810">
      <class name="testFlow.Bai5">
        <test-method is-config="true" signature="beforeMethod()[pri:0, instance:testFlow.Bai5@d706f19]" started-at="2020-04-25T10:33:23 ICT" name="beforeMethod" finished-at="2020-04-25T10:33:29 ICT" duration-ms="6049" status="PASS">
          <reporter-output>
          </reporter-output>
        </test-method> <!-- beforeMethod -->
        <test-method signature="f()[pri:0, instance:testFlow.Bai5@d706f19]" started-at="2020-04-25T10:33:29 ICT" name="f" finished-at="2020-04-25T10:33:44 ICT" duration-ms="14687" status="PASS">
          <reporter-output>
          </reporter-output>
        </test-method> <!-- f -->
        <test-method is-config="true" signature="afterMethod()[pri:0, instance:testFlow.Bai5@d706f19]" started-at="2020-04-25T10:33:44 ICT" name="afterMethod" finished-at="2020-04-25T10:33:44 ICT" duration-ms="2" status="PASS">
          <reporter-output>
          </reporter-output>
        </test-method> <!-- afterMethod -->
      </class> <!-- testFlow.Bai5 -->
    </test> <!-- Default test -->
  </suite> <!-- Default suite -->
</testng-results>
